<?xml version="1.0" encoding="UTF-8"?>
<testsuite name="com.polarbookshop.web_catalogue_service.controller.BookControllerTest" tests="1" skipped="0" failures="0" errors="0" timestamp="2025-08-21T12:21:01.219Z" hostname="jen-Blade-Stealth" time="0.103">
  <properties/>
  <testcase name="whenBookNotExistingThenReturn404()" classname="com.polarbookshop.web_catalogue_service.controller.BookControllerTest" time="0.103"/>
  <system-out><![CDATA[13:20:57.360 [Test worker] INFO org.springframework.test.context.support.AnnotationConfigContextLoaderUtils -- Could not detect default configuration classes for test class [com.polarbookshop.web_catalogue_service.controller.BookControllerTest]: BookControllerTest does not declare any static, non-private, non-final, nested classes annotated with @Configuration.
13:20:57.533 [Test worker] INFO org.springframework.boot.test.context.SpringBootTestContextBootstrapper -- Found @SpringBootConfiguration com.polarbookshop.web_catalogue_service.WebCatalogueServiceApplication for test class com.polarbookshop.web_catalogue_service.controller.BookControllerTest

  .   ____          _            __ _ _
 /\\ / ___'_ __ _ _(_)_ __  __ _ \ \ \ \
( ( )\___ | '_ | '_| | '_ \/ _` | \ \ \ \
 \\/  ___)| |_)| | | | | || (_| |  ) ) ) )
  '  |____| .__|_| |_|_| |_\__, | / / / /
 =========|_|==============|___/=/_/_/_/

 :: Spring Boot ::                (v3.5.4)

2025-08-21T13:20:59.248+01:00  INFO 37468 --- [web-catalogue-service] [    Test worker] c.p.w.controller.BookControllerTest      : Starting BookControllerTest using Java 24.0.2 with PID 37468 (started by jen in /home/jen/IdeaProjects/cloud_native_book_examples/web-catalogue-service)
2025-08-21T13:20:59.250+01:00  INFO 37468 --- [web-catalogue-service] [    Test worker] c.p.w.controller.BookControllerTest      : No active profile set, falling back to 1 default profile: "default"
2025-08-21T13:20:59.267+01:00  INFO 37468 --- [web-catalogue-service] [    Test worker] o.s.c.c.c.ConfigServerConfigDataLoader   : Fetching config from server at : http://localhost:8888
2025-08-21T13:20:59.268+01:00  INFO 37468 --- [web-catalogue-service] [    Test worker] o.s.c.c.c.ConfigServerConfigDataLoader   : Located environment: name=web-catalogue-service, profiles=[default], label=null, version=e11e8a8ba7e19b3a8654aa9c11f7175da9992503, state=
2025-08-21T13:21:01.099+01:00  INFO 37468 --- [web-catalogue-service] [    Test worker] o.s.b.t.m.w.SpringBootMockServletContext : Initializing Spring TestDispatcherServlet ''
2025-08-21T13:21:01.099+01:00  INFO 37468 --- [web-catalogue-service] [    Test worker] o.s.t.web.servlet.TestDispatcherServlet  : Initializing Servlet ''
2025-08-21T13:21:01.102+01:00  INFO 37468 --- [web-catalogue-service] [    Test worker] o.s.t.web.servlet.TestDispatcherServlet  : Completed initialization in 2 ms
2025-08-21T13:21:01.207+01:00  INFO 37468 --- [web-catalogue-service] [    Test worker] c.p.w.controller.BookControllerTest      : Started BookControllerTest in 3.414 seconds (process running for 4.915)
]]></system-out>
  <system-err><![CDATA[Mockito is currently self-attaching to enable the inline-mock-maker. This will no longer work in future releases of the JDK. Please add Mockito as an agent to your build as described in Mockito's documentation: https://javadoc.io/doc/org.mockito/mockito-core/latest/org.mockito/org/mockito/Mockito.html#0.3
WARNING: A Java agent has been loaded dynamically (/home/jen/.gradle/caches/modules-2/files-2.1/net.bytebuddy/byte-buddy-agent/1.17.6/17b32fd9f57deef02842f7f05abc4ad8127fe34e/byte-buddy-agent-1.17.6.jar)
WARNING: If a serviceability tool is in use, please run with -XX:+EnableDynamicAgentLoading to hide this warning
WARNING: If a serviceability tool is not in use, please run with -Djdk.instrument.traceUsage for more information
WARNING: Dynamic loading of agents will be disallowed by default in a future release
]]></system-err>
</testsuite>
