<?xml version="1.0" encoding="UTF-8"?>
<testsuite name="com.polarbookshop.web_catalogue_service.entity.BookTest" tests="2" skipped="0" failures="0" errors="0" timestamp="2025-08-15T12:42:11.891Z" hostname="jen-Blade-Stealth" time="0.071">
  <properties/>
  <testcase name="whenAllFieldsCorrectThenValidationSucceeds()" classname="com.polarbookshop.web_catalogue_service.entity.BookTest" time="0.062"/>
  <testcase name="whenIsbnDefinedButIncorrectThenValidationFails()" classname="com.polarbookshop.web_catalogue_service.entity.BookTest" time="0.009"/>
  <system-out><![CDATA[]]></system-out>
  <system-err><![CDATA[]]></system-err>
</testsuite>
