<?xml version="1.0" encoding="UTF-8"?>
<testsuite name="com.polarbookshop.web_catalogue_service.WebCatalogueServiceApplicationTests" tests="1" skipped="0" failures="0" errors="0" timestamp="2025-08-15T11:21:00.077Z" hostname="jen-Blade-Stealth" time="0.518">
  <properties/>
  <testcase name="whenPostRequestThenBookCreated()" classname="com.polarbookshop.web_catalogue_service.WebCatalogueServiceApplicationTests" time="0.518"/>
  <system-out><![CDATA[2025-08-15T12:20:58.614+01:00  INFO 83096 --- [web-catalogue-service] [    Test worker] t.c.s.AnnotationConfigContextLoaderUtils : Could not detect default configuration classes for test class [com.polarbookshop.web_catalogue_service.WebCatalogueServiceApplicationTests]: WebCatalogueServiceApplicationTests does not declare any static, non-private, non-final, nested classes annotated with @Configuration.
2025-08-15T12:20:58.617+01:00  INFO 83096 --- [web-catalogue-service] [    Test worker] .b.t.c.SpringBootTestContextBootstrapper : Found @SpringBootConfiguration com.polarbookshop.web_catalogue_service.WebCatalogueServiceApplication for test class com.polarbookshop.web_catalogue_service.WebCatalogueServiceApplicationTests

  .   ____          _            __ _ _
 /\\ / ___'_ __ _ _(_)_ __  __ _ \ \ \ \
( ( )\___ | '_ | '_| | '_ \/ _` | \ \ \ \
 \\/  ___)| |_)| | | | | || (_| |  ) ) ) )
  '  |____| .__|_| |_|_| |_\__, | / / / /
 =========|_|==============|___/=/_/_/_/

 :: Spring Boot ::                (v3.5.4)

2025-08-15T12:20:58.663+01:00  INFO 83096 --- [web-catalogue-service] [    Test worker] .p.w.WebCatalogueServiceApplicationTests : Starting WebCatalogueServiceApplicationTests using Java 24.0.2 with PID 83096 (started by jen in /home/jen/IdeaProjects/cloud_native_book_examples/web-catalogue-service)
2025-08-15T12:20:58.663+01:00  INFO 83096 --- [web-catalogue-service] [    Test worker] .p.w.WebCatalogueServiceApplicationTests : No active profile set, falling back to 1 default profile: "default"
2025-08-15T12:20:59.334+01:00  INFO 83096 --- [web-catalogue-service] [    Test worker] o.s.b.w.embedded.tomcat.TomcatWebServer  : Tomcat initialized with port 0 (http)
2025-08-15T12:20:59.350+01:00  INFO 83096 --- [web-catalogue-service] [    Test worker] o.apache.catalina.core.StandardService   : Starting service [Tomcat]
2025-08-15T12:20:59.350+01:00  INFO 83096 --- [web-catalogue-service] [    Test worker] o.apache.catalina.core.StandardEngine    : Starting Servlet engine: [Apache Tomcat/10.1.43]
2025-08-15T12:20:59.392+01:00  INFO 83096 --- [web-catalogue-service] [    Test worker] o.a.c.c.C.[Tomcat].[localhost].[/]       : Initializing Spring embedded WebApplicationContext
2025-08-15T12:20:59.393+01:00  INFO 83096 --- [web-catalogue-service] [    Test worker] w.s.c.ServletWebServerApplicationContext : Root WebApplicationContext: initialization completed in 727 ms
2025-08-15T12:20:59.988+01:00  INFO 83096 --- [web-catalogue-service] [    Test worker] o.s.b.w.embedded.tomcat.TomcatWebServer  : Tomcat started on port 37621 (http) with context path '/'
2025-08-15T12:20:59.995+01:00  INFO 83096 --- [web-catalogue-service] [    Test worker] .p.w.WebCatalogueServiceApplicationTests : Started WebCatalogueServiceApplicationTests in 1.372 seconds (process running for 4.467)
2025-08-15T12:21:00.455+01:00  INFO 83096 --- [web-catalogue-service] [o-auto-1-exec-1] o.a.c.c.C.[Tomcat].[localhost].[/]       : Initializing Spring DispatcherServlet 'dispatcherServlet'
2025-08-15T12:21:00.456+01:00  INFO 83096 --- [web-catalogue-service] [o-auto-1-exec-1] o.s.web.servlet.DispatcherServlet        : Initializing Servlet 'dispatcherServlet'
2025-08-15T12:21:00.457+01:00  INFO 83096 --- [web-catalogue-service] [o-auto-1-exec-1] o.s.web.servlet.DispatcherServlet        : Completed initialization in 1 ms
]]></system-out>
  <system-err><![CDATA[]]></system-err>
</testsuite>
