<?xml version="1.0" encoding="UTF-8"?>
<testsuite name="com.polarbookshop.web_catalogue_service.entity.BookTest" tests="2" skipped="0" failures="0" errors="0" timestamp="2025-08-15T11:21:01.267Z" hostname="jen-Blade-Stealth" time="0.026">
  <properties/>
  <testcase name="whenAllFieldsCorrectThenValidationSucceeds()" classname="com.polarbookshop.web_catalogue_service.entity.BookTest" time="0.017"/>
  <testcase name="whenIsbnDefinedButIncorrectThenValidationFails()" classname="com.polarbookshop.web_catalogue_service.entity.BookTest" time="0.008"/>
  <system-out><![CDATA[]]></system-out>
  <system-err><![CDATA[]]></system-err>
</testsuite>
