<?xml version="1.0" encoding="UTF-8"?>
<testsuite name="com.polarbookshop.web_catalogue_service.controller.BookControllerTest" tests="1" skipped="0" failures="0" errors="0" timestamp="2025-08-15T12:42:11.772Z" hostname="jen-Blade-Stealth" time="0.107">
  <properties/>
  <testcase name="whenBookNotExistingThenReturn404()" classname="com.polarbookshop.web_catalogue_service.controller.BookControllerTest" time="0.107"/>
  <system-out><![CDATA[2025-08-15T13:42:11.284+01:00  INFO 106158 --- [web-catalogue-service] [    Test worker] t.c.s.AnnotationConfigContextLoaderUtils : Could not detect default configuration classes for test class [com.polarbookshop.web_catalogue_service.controller.BookControllerTest]: BookControllerTest does not declare any static, non-private, non-final, nested classes annotated with @Configuration.
2025-08-15T13:42:11.302+01:00  INFO 106158 --- [web-catalogue-service] [    Test worker] .b.t.c.SpringBootTestContextBootstrapper : Found @SpringBootConfiguration com.polarbookshop.web_catalogue_service.WebCatalogueServiceApplication for test class com.polarbookshop.web_catalogue_service.controller.BookControllerTest

  .   ____          _            __ _ _
 /\\ / ___'_ __ _ _(_)_ __  __ _ \ \ \ \
( ( )\___ | '_ | '_| | '_ \/ _` | \ \ \ \
 \\/  ___)| |_)| | | | | || (_| |  ) ) ) )
  '  |____| .__|_| |_|_| |_\__, | / / / /
 =========|_|==============|___/=/_/_/_/

 :: Spring Boot ::                (v3.5.4)

2025-08-15T13:42:11.330+01:00  INFO 106158 --- [web-catalogue-service] [    Test worker] c.p.w.controller.BookControllerTest      : Starting BookControllerTest using Java 24.0.2 with PID 106158 (started by jen in /home/jen/IdeaProjects/cloud_native_book_examples/web-catalogue-service)
2025-08-15T13:42:11.330+01:00  INFO 106158 --- [web-catalogue-service] [    Test worker] c.p.w.controller.BookControllerTest      : No active profile set, falling back to 1 default profile: "default"
2025-08-15T13:42:11.736+01:00  INFO 106158 --- [web-catalogue-service] [    Test worker] o.s.b.t.m.w.SpringBootMockServletContext : Initializing Spring TestDispatcherServlet ''
2025-08-15T13:42:11.737+01:00  INFO 106158 --- [web-catalogue-service] [    Test worker] o.s.t.web.servlet.TestDispatcherServlet  : Initializing Servlet ''
2025-08-15T13:42:11.738+01:00  INFO 106158 --- [web-catalogue-service] [    Test worker] o.s.t.web.servlet.TestDispatcherServlet  : Completed initialization in 1 ms
2025-08-15T13:42:11.762+01:00  INFO 106158 --- [web-catalogue-service] [    Test worker] c.p.w.controller.BookControllerTest      : Started BookControllerTest in 0.453 seconds (process running for 4.415)
]]></system-out>
  <system-err><![CDATA[]]></system-err>
</testsuite>
