<?xml version="1.0" encoding="UTF-8"?>
<testsuite name="com.polarbookshop.web_catalogue_service.WebCatalogueServiceApplicationTests" tests="1" skipped="0" failures="0" errors="0" timestamp="2025-08-18T13:25:23.440Z" hostname="jen-Blade-Stealth" time="0.453">
  <properties/>
  <testcase name="whenPostRequestThenBookCreated()" classname="com.polarbookshop.web_catalogue_service.WebCatalogueServiceApplicationTests" time="0.453"/>
  <system-out><![CDATA[2025-08-18T14:25:22.140+01:00  INFO 111757 --- [web-catalogue-service] [    Test worker] t.c.s.AnnotationConfigContextLoaderUtils : Could not detect default configuration classes for test class [com.polarbookshop.web_catalogue_service.WebCatalogueServiceApplicationTests]: WebCatalogueServiceApplicationTests does not declare any static, non-private, non-final, nested classes annotated with @Configuration.
2025-08-18T14:25:22.143+01:00  INFO 111757 --- [web-catalogue-service] [    Test worker] .b.t.c.SpringBootTestContextBootstrapper : Found @SpringBootConfiguration com.polarbookshop.web_catalogue_service.WebCatalogueServiceApplication for test class com.polarbookshop.web_catalogue_service.WebCatalogueServiceApplicationTests

  .   ____          _            __ _ _
 /\\ / ___'_ __ _ _(_)_ __  __ _ \ \ \ \
( ( )\___ | '_ | '_| | '_ \/ _` | \ \ \ \
 \\/  ___)| |_)| | | | | || (_| |  ) ) ) )
  '  |____| .__|_| |_|_| |_\__, | / / / /
 =========|_|==============|___/=/_/_/_/

 :: Spring Boot ::                (v3.5.4)

2025-08-18T14:25:22.187+01:00  INFO 111757 --- [web-catalogue-service] [    Test worker] .p.w.WebCatalogueServiceApplicationTests : Starting WebCatalogueServiceApplicationTests using Java 24.0.2 with PID 111757 (started by jen in /home/jen/IdeaProjects/cloud_native_book_examples/web-catalogue-service)
2025-08-18T14:25:22.187+01:00  INFO 111757 --- [web-catalogue-service] [    Test worker] .p.w.WebCatalogueServiceApplicationTests : No active profile set, falling back to 1 default profile: "default"
2025-08-18T14:25:22.772+01:00  INFO 111757 --- [web-catalogue-service] [    Test worker] o.s.b.w.embedded.tomcat.TomcatWebServer  : Tomcat initialized with port 0 (http)
2025-08-18T14:25:22.788+01:00  INFO 111757 --- [web-catalogue-service] [    Test worker] o.apache.catalina.core.StandardService   : Starting service [Tomcat]
2025-08-18T14:25:22.789+01:00  INFO 111757 --- [web-catalogue-service] [    Test worker] o.apache.catalina.core.StandardEngine    : Starting Servlet engine: [Apache Tomcat/10.1.43]
2025-08-18T14:25:22.833+01:00  INFO 111757 --- [web-catalogue-service] [    Test worker] o.a.c.c.C.[Tomcat].[localhost].[/]       : Initializing Spring embedded WebApplicationContext
2025-08-18T14:25:22.834+01:00  INFO 111757 --- [web-catalogue-service] [    Test worker] w.s.c.ServletWebServerApplicationContext : Root WebApplicationContext: initialization completed in 644 ms
2025-08-18T14:25:23.370+01:00  INFO 111757 --- [web-catalogue-service] [    Test worker] o.s.b.w.embedded.tomcat.TomcatWebServer  : Tomcat started on port 33391 (http) with context path '/'
2025-08-18T14:25:23.378+01:00  INFO 111757 --- [web-catalogue-service] [    Test worker] .p.w.WebCatalogueServiceApplicationTests : Started WebCatalogueServiceApplicationTests in 1.228 seconds (process running for 3.997)
2025-08-18T14:25:23.758+01:00  INFO 111757 --- [web-catalogue-service] [o-auto-1-exec-1] o.a.c.c.C.[Tomcat].[localhost].[/]       : Initializing Spring DispatcherServlet 'dispatcherServlet'
2025-08-18T14:25:23.758+01:00  INFO 111757 --- [web-catalogue-service] [o-auto-1-exec-1] o.s.web.servlet.DispatcherServlet        : Initializing Servlet 'dispatcherServlet'
2025-08-18T14:25:23.760+01:00  INFO 111757 --- [web-catalogue-service] [o-auto-1-exec-1] o.s.web.servlet.DispatcherServlet        : Completed initialization in 1 ms
]]></system-out>
  <system-err><![CDATA[]]></system-err>
</testsuite>
